<?xml version="1.0" encoding="UTF-8"?>
<!-- Generated by org.testng.reporters.JUnitXMLReporter -->
<testsuite ignored="1" hostname="DESKTOP-TBLA2PR" failures="0" tests="1" name="Default test" time="12.473" errors="0" timestamp="2023-07-25T07:41:59 IST">
  <testcase classname="org.xyz.automation.FirstAutomation" name="signupfunctionality" time="2.641"/>
  <testcase classname="org.xyz.automation.FirstAutomation" name="loginfunctionality" time="0.0">
    <ignored/>
  </testcase> <!-- loginfunctionality -->
</testsuite> <!-- Default test -->
