<?xml version="1.0" encoding="UTF-8"?>
<!-- Generated by org.testng.reporters.JUnitXMLReporter -->
<testsuite ignored="0" hostname="DESKTOP-TBLA2PR" failures="0" tests="3" name="Default test" time="49.82" errors="0" timestamp="2023-07-27T07:24:50 IST">
  <testcase classname="org.wipro.automation.fb.testcases.ValidateLoginScenario_DDF" name="tc01_validateloginfunctionality" time="11.861"/>
  <testcase classname="org.wipro.automation.fb.testcases.ValidateLoginScenario_DDF" name="tc01_validateloginfunctionality" time="8.468"/>
  <testcase classname="org.wipro.automation.fb.testcases.ValidateLoginScenario_DDF" name="tc01_validateloginfunctionality" time="7.569"/>
</testsuite> <!-- Default test -->
