<?xml version="1.0" encoding="UTF-8"?>
<!-- Generated by org.testng.reporters.JUnitXMLReporter -->
<testsuite ignored="0" hostname="DESKTOP-TBLA2PR" failures="0" tests="2" name="Test" time="27.511" errors="0" timestamp="2023-07-26T07:58:00 IST">
  <testcase classname="org.wipro.automation.fb.testcases.ValidateLoginScenario" name="tc01_validateloginfunctionality" time="10.588"/>
  <testcase classname="org.wipro.automation.fb.testcases.ValidateSignupScenario" name="tc02_validatesignupfunctionality" time="2.328"/>
</testsuite> <!-- Test -->
